<?xml version="1.0" encoding="UTF-8"?>
<!-- Generated by org.testng.reporters.JUnitReportReporter -->
<testsuite hostname="DESKTOP-UMLUN2G" failures="0" tests="1" name="testngwaits.ex" time="4.517" errors="0" timestamp="2023-11-15T10:02:08 IST" skipped="0">
  <testcase classname="testngwaits.ex" name="face" time="4.517"/>
  <system-out/>
</testsuite> <!-- testngwaits.ex -->
