<?xml version="1.0" encoding="UTF-8"?>
<!-- Generated by org.testng.reporters.JUnitReportReporter -->
<testsuite hostname="DESKTOP-UMLUN2G" failures="0" tests="3" name="testngdependency.d2" time="0.007" errors="0" timestamp="2023-11-02T10:04:12 IST" skipped="0">
  <testcase classname="testngdependency.d2" name="visit" time="0.004"/>
  <system-out/>
  <testcase classname="testngdependency.d2" name="login" time="0.002"/>
  <system-out/>
  <testcase classname="testngdependency.d2" name="pass" time="0.001"/>
  <system-out/>
</testsuite> <!-- testngdependency.d2 -->
