<?xml version="1.0" encoding="UTF-8"?>
<!-- Generated by org.testng.reporters.JUnitReportReporter -->
<testsuite hostname="DESKTOP-UMLUN2G" failures="0" tests="1" name="intro.c3" time="0.016" errors="0" timestamp="2023-11-01T10:12:44 IST" skipped="0">
  <testcase classname="intro.c3" name="m1" time="0.016"/>
  <system-out/>
</testsuite> <!-- intro.c3 -->
