<?xml version="1.0" encoding="UTF-8"?>
<!-- Generated by org.testng.reporters.JUnitReportReporter -->
<testsuite hostname="DESKTOP-UMLUN2G" failures="0" tests="3" name="assign.a1" time="7.379" errors="0" timestamp="2023-11-03T10:20:21 IST" skipped="0">
  <testcase classname="assign.a1" name="slider" time="3.683"/>
  <system-out/>
  <testcase classname="assign.a1" name="action" time="3.527"/>
  <system-out/>
  <testcase classname="assign.a1" name="close" time="0.169"/>
  <system-out/>
</testsuite> <!-- assign.a1 -->
