<?xml version="1.0" encoding="UTF-8"?>
<!-- Generated by org.testng.reporters.JUnitReportReporter -->
<testsuite hostname="DESKTOP-UMLUN2G" failures="0" tests="3" name="assign.a2" time="7.151" errors="0" timestamp="2023-11-03T10:24:28 IST" skipped="0">
  <testcase classname="assign.a2" name="gl" time="6.908"/>
  <system-out/>
  <testcase classname="assign.a2" name="img" time="0.032"/>
  <system-out/>
  <testcase classname="assign.a2" name="close" time="0.211"/>
  <system-out/>
</testsuite> <!-- assign.a2 -->
