<?xml version="1.0" encoding="UTF-8"?>
<!-- Generated by org.testng.reporters.JUnitReportReporter -->
<testsuite hostname="DESKTOP-UMLUN2G" failures="0" tests="3" name="assign.a3" time="3.043" errors="0" timestamp="2023-11-03T10:18:02 IST" skipped="0">
  <testcase classname="assign.a3" name="login" time="2.828"/>
  <system-out/>
  <testcase classname="assign.a3" name="div" time="0.058"/>
  <system-out/>
  <testcase classname="assign.a3" name="close" time="0.157"/>
  <system-out/>
</testsuite> <!-- assign.a3 -->
