<?xml version="1.0" encoding="UTF-8"?>
<!-- Generated by org.testng.reporters.JUnitReportReporter -->
<testsuite hostname="DESKTOP-UMLUN2G" failures="0" tests="4" name="intro.c2" time="0.017" errors="0" timestamp="2023-11-01T10:10:15 IST" skipped="1">
  <testcase classname="intro.c2" name="ab" time="0.011"/>
  <system-out/>
  <testcase classname="intro.c2" name="ab" time="0.002"/>
  <system-out/>
  <testcase classname="intro.c2" name="m2" time="0.004"/>
  <system-out/>
  <testcase classname="intro.c2" name="m1">
    <skipped/>
  </testcase> <!-- m1 -->
  <system-out/>
</testsuite> <!-- intro.c2 -->
