<?xml version="1.0" encoding="UTF-8"?>
<!-- Generated by org.testng.reporters.JUnitReportReporter -->
<testsuite hostname="DESKTOP-UMLUN2G" failures="0" tests="1" name="testngwaits.w1" time="5.748" errors="0" timestamp="2023-11-15T09:46:45 IST" skipped="0">
  <testcase classname="testngwaits.w1" name="face" time="5.748"/>
  <system-out/>
</testsuite> <!-- testngwaits.w1 -->
