<?xml version="1.0" encoding="UTF-8"?>
<!-- Generated by org.testng.reporters.JUnitReportReporter -->
<testsuite hostname="DESKTOP-UMLUN2G" failures="0" tests="5" name="testngdependency.real" time="8.618" errors="0" timestamp="2023-11-02T10:04:12 IST" skipped="0">
  <testcase classname="testngdependency.real" name="visit" time="3.680"/>
  <system-out/>
  <testcase classname="testngdependency.real" name="max" time="0.124"/>
  <system-out/>
  <testcase classname="testngdependency.real" name="refresh" time="0.645"/>
  <system-out/>
  <testcase classname="testngdependency.real" name="login" time="2.017"/>
  <system-out/>
  <testcase classname="testngdependency.real" name="close" time="2.152"/>
  <system-out/>
</testsuite> <!-- testngdependency.real -->
