<?xml version="1.0" encoding="UTF-8"?>
<!-- Generated by org.testng.reporters.JUnitReportReporter -->
<testsuite hostname="DESKTOP-UMLUN2G" failures="0" tests="2" name="testngdependency.d1" time="0.016" errors="0" timestamp="2023-11-02T09:39:49 IST" skipped="0">
  <testcase classname="testngdependency.d1" name="visit" time="0.013"/>
  <system-out/>
  <testcase classname="testngdependency.d1" name="login" time="0.003"/>
  <system-out/>
</testsuite> <!-- testngdependency.d1 -->
